{"/Users/antoniorosalesmartinez/Dev/PMBA/Prometeo/Repositorios/SEPTIEMBRE_2024/EXTRA/testing/src/main.js": {"path":"/Users/antoniorosalesmartinez/Dev/PMBA/Prometeo/Repositorios/SEPTIEMBRE_2024/EXTRA/testing/src/main.js","all":true,"statementMap":{"0":{"start":{"line":1,"column":0},"end":{"line":1,"column":20}}},"s":{"0":0},"branchMap":{"0":{"type":"branch","line":1,"loc":{"start":{"line":1,"column":0},"end":{"line":1,"column":20}},"locations":[{"start":{"line":1,"column":0},"end":{"line":1,"column":20}}]}},"b":{"0":[0]},"fnMap":{"0":{"name":"(empty-report)","decl":{"start":{"line":1,"column":0},"end":{"line":1,"column":20}},"loc":{"start":{"line":1,"column":0},"end":{"line":1,"column":20}},"line":1}},"f":{"0":0}}
,"/Users/antoniorosalesmartinez/Dev/PMBA/Prometeo/Repositorios/SEPTIEMBRE_2024/EXTRA/testing/src/components/Button/Button.js": {"path":"/Users/antoniorosalesmartinez/Dev/PMBA/Prometeo/Repositorios/SEPTIEMBRE_2024/EXTRA/testing/src/components/Button/Button.js","all":false,"statementMap":{"0":{"start":{"line":1,"column":0},"end":{"line":1,"column":26}},"1":{"start":{"line":2,"column":0},"end":{"line":2,"column":47}},"2":{"start":{"line":3,"column":0},"end":{"line":3,"column":25}},"3":{"start":{"line":4,"column":0},"end":{"line":4,"column":13}},"4":{"start":{"line":5,"column":0},"end":{"line":5,"column":2}},"6":{"start":{"line":7,"column":0},"end":{"line":7,"column":22}}},"s":{"0":1,"1":2,"2":2,"3":2,"4":2,"6":1},"branchMap":{"0":{"type":"branch","line":1,"loc":{"start":{"line":1,"column":15},"end":{"line":5,"column":2}},"locations":[{"start":{"line":1,"column":15},"end":{"line":5,"column":2}}]}},"b":{"0":[2]},"fnMap":{"0":{"name":"Button","decl":{"start":{"line":1,"column":15},"end":{"line":5,"column":2}},"loc":{"start":{"line":1,"column":15},"end":{"line":5,"column":2}},"line":1}},"f":{"0":2}}
,"/Users/antoniorosalesmartinez/Dev/PMBA/Prometeo/Repositorios/SEPTIEMBRE_2024/EXTRA/testing/src/components/Image/Image.js": {"path":"/Users/antoniorosalesmartinez/Dev/PMBA/Prometeo/Repositorios/SEPTIEMBRE_2024/EXTRA/testing/src/components/Image/Image.js","all":false,"statementMap":{"0":{"start":{"line":1,"column":0},"end":{"line":1,"column":31}},"1":{"start":{"line":2,"column":0},"end":{"line":2,"column":46}},"2":{"start":{"line":3,"column":0},"end":{"line":3,"column":18}},"3":{"start":{"line":4,"column":0},"end":{"line":4,"column":18}},"4":{"start":{"line":5,"column":0},"end":{"line":5,"column":15}},"5":{"start":{"line":6,"column":0},"end":{"line":6,"column":1}},"7":{"start":{"line":8,"column":0},"end":{"line":8,"column":20}}},"s":{"0":1,"1":1,"2":1,"3":1,"4":1,"5":1,"7":1},"branchMap":{"0":{"type":"branch","line":1,"loc":{"start":{"line":1,"column":14},"end":{"line":6,"column":1}},"locations":[{"start":{"line":1,"column":14},"end":{"line":6,"column":1}}]}},"b":{"0":[1]},"fnMap":{"0":{"name":"Image","decl":{"start":{"line":1,"column":14},"end":{"line":6,"column":1}},"loc":{"start":{"line":1,"column":14},"end":{"line":6,"column":1}},"line":1}},"f":{"0":1}}
}
